<?xml version="1.0" encoding="UTF-8"?>
<testsuite name="RecursionTest" tests="1" skipped="0" failures="0" errors="0" timestamp="2021-01-04T06:15:23" hostname="DESKTOP-OAA18HL" time="0.003">
  <properties/>
  <testcase name="GCDTest" classname="RecursionTest" time="0.003"/>
  <system-out><![CDATA[]]></system-out>
  <system-err><![CDATA[]]></system-err>
</testsuite>
