<?xml version="1.0" encoding="UTF-8"?>
<testsuite name="RecursionTest" tests="1" skipped="0" failures="0" errors="0" timestamp="2021-01-08T08:27:03" hostname="DESKTOP-OAA18HL" time="0.016">
  <properties/>
  <testcase name="MazeTest" classname="RecursionTest" time="0.016"/>
  <system-out><![CDATA[0 0 0 0 0 0 0 1 
0 1 1 0 1 1 0 1 
0 0 0 1 0 0 0 1 
0 1 0 0 1 1 0 0 
0 1 1 1 0 0 1 1 
0 1 0 0 0 1 0 1 
0 0 0 1 0 0 0 1 
0 1 1 1 0 1 0 4 


2 0 0 0 0 0 0 1 
2 1 1 0 1 1 0 1 
2 0 0 1 0 0 0 1 
2 1 0 0 1 1 0 0 
2 1 1 1 0 0 1 1 
2 1 2 2 2 1 0 1 
2 2 2 1 2 2 2 1 
3 1 1 1 3 1 2 4 


]]></system-out>
  <system-err><![CDATA[]]></system-err>
</testsuite>
